Change component parameters: Designator = "J5"; Footprint = "HOLE_M3"; UniqueID = "\KJJKMUMJ"
Change component parameters. Clean all parameters for all variants
Change component parameters (AddParameter): Name = "LatestRevisionDate"; Value = "21.5.2014"; VariantName = "[No Variations]"
Change component parameters (AddParameter): Name = "LatestRevisionNote"; Value = ""; VariantName = "[No Variations]"
Change component parameters (AddParameter): Name = "Manufacturer"; Value = "-"; VariantName = "[No Variations]"
Change component parameters (AddParameter): Name = "ManufacturerRef"; Value = "-"; VariantName = "[No Variations]"
Change component parameters (AddParameter): Name = "OrderCode"; Value = "-"; VariantName = "[No Variations]"
Change component parameters (AddParameter): Name = "PackageDescription"; Value = "-"; VariantName = "[No Variations]"
Change component parameters (AddParameter): Name = "PackageReference"; Value = "-"; VariantName = "[No Variations]"
Change component parameters (AddParameter): Name = "PowerRating"; Value = "N.A."; VariantName = "[No Variations]"
Change component parameters (AddParameter): Name = "PriceEuro"; Value = "-"; VariantName = "[No Variations]"
Change component parameters (AddParameter): Name = "Published"; Value = ""; VariantName = "[No Variations]"
Change component parameters (AddParameter): Name = "Publisher"; Value = "atr"; VariantName = "[No Variations]"
Change component parameters (AddParameter): Name = "Seller"; Value = "-"; VariantName = "[No Variations]"
Change component parameters (AddParameter): Name = "TemperatureCoeff"; Value = "N.A."; VariantName = "[No Variations]"
Change component parameters (AddParameter): Name = "Tolerance"; Value = "N.A."; VariantName = "[No Variations]"
Change component parameters (AddParameter): Name = "Type"; Value = "Hole"; VariantName = "[No Variations]"
Change component parameters (AddParameter): Name = "Value"; Value = "Hole"; VariantName = "[No Variations]"
Change component parameters (AddParameter): Name = "Voltage"; Value = "N.A."; VariantName = "[No Variations]"
Change component parameters: Designator = "J6"; Footprint = "HOLE_M3"; UniqueID = "\FAXAALMB"
Change component parameters. Clean all parameters for all variants
Change component parameters (AddParameter): Name = "LatestRevisionDate"; Value = "21.5.2014"; VariantName = "[No Variations]"
Change component parameters (AddParameter): Name = "LatestRevisionNote"; Value = ""; VariantName = "[No Variations]"
Change component parameters (AddParameter): Name = "Manufacturer"; Value = "-"; VariantName = "[No Variations]"
Change component parameters (AddParameter): Name = "ManufacturerRef"; Value = "-"; VariantName = "[No Variations]"
Change component parameters (AddParameter): Name = "OrderCode"; Value = "-"; VariantName = "[No Variations]"
Change component parameters (AddParameter): Name = "PackageDescription"; Value = "-"; VariantName = "[No Variations]"
Change component parameters (AddParameter): Name = "PackageReference"; Value = "-"; VariantName = "[No Variations]"
Change component parameters (AddParameter): Name = "PowerRating"; Value = "N.A."; VariantName = "[No Variations]"
Change component parameters (AddParameter): Name = "PriceEuro"; Value = "-"; VariantName = "[No Variations]"
Change component parameters (AddParameter): Name = "Published"; Value = ""; VariantName = "[No Variations]"
Change component parameters (AddParameter): Name = "Publisher"; Value = "atr"; VariantName = "[No Variations]"
Change component parameters (AddParameter): Name = "Seller"; Value = "-"; VariantName = "[No Variations]"
Change component parameters (AddParameter): Name = "TemperatureCoeff"; Value = "N.A."; VariantName = "[No Variations]"
Change component parameters (AddParameter): Name = "Tolerance"; Value = "N.A."; VariantName = "[No Variations]"
Change component parameters (AddParameter): Name = "Type"; Value = "Hole"; VariantName = "[No Variations]"
Change component parameters (AddParameter): Name = "Value"; Value = "Hole"; VariantName = "[No Variations]"
Change component parameters (AddParameter): Name = "Voltage"; Value = "N.A."; VariantName = "[No Variations]"
Change component parameters: Designator = "J7"; Footprint = "HOLE_M3"; UniqueID = "\NDMGLCSP"
Change component parameters. Clean all parameters for all variants
Change component parameters (AddParameter): Name = "LatestRevisionDate"; Value = "21.5.2014"; VariantName = "[No Variations]"
Change component parameters (AddParameter): Name = "LatestRevisionNote"; Value = ""; VariantName = "[No Variations]"
Change component parameters (AddParameter): Name = "Manufacturer"; Value = "-"; VariantName = "[No Variations]"
Change component parameters (AddParameter): Name = "ManufacturerRef"; Value = "-"; VariantName = "[No Variations]"
Change component parameters (AddParameter): Name = "OrderCode"; Value = "-"; VariantName = "[No Variations]"
Change component parameters (AddParameter): Name = "PackageDescription"; Value = "-"; VariantName = "[No Variations]"
Change component parameters (AddParameter): Name = "PackageReference"; Value = "-"; VariantName = "[No Variations]"
Change component parameters (AddParameter): Name = "PowerRating"; Value = "N.A."; VariantName = "[No Variations]"
Change component parameters (AddParameter): Name = "PriceEuro"; Value = "-"; VariantName = "[No Variations]"
Change component parameters (AddParameter): Name = "Published"; Value = ""; VariantName = "[No Variations]"
Change component parameters (AddParameter): Name = "Publisher"; Value = "atr"; VariantName = "[No Variations]"
Change component parameters (AddParameter): Name = "Seller"; Value = "-"; VariantName = "[No Variations]"
Change component parameters (AddParameter): Name = "TemperatureCoeff"; Value = "N.A."; VariantName = "[No Variations]"
Change component parameters (AddParameter): Name = "Tolerance"; Value = "N.A."; VariantName = "[No Variations]"
Change component parameters (AddParameter): Name = "Type"; Value = "Hole"; VariantName = "[No Variations]"
Change component parameters (AddParameter): Name = "Value"; Value = "Hole"; VariantName = "[No Variations]"
Change component parameters (AddParameter): Name = "Voltage"; Value = "N.A."; VariantName = "[No Variations]"
Change component parameters: Designator = "J8"; Footprint = "HOLE_M3"; UniqueID = "\NXCQMFYX"
Change component parameters. Clean all parameters for all variants
Change component parameters (AddParameter): Name = "LatestRevisionDate"; Value = "21.5.2014"; VariantName = "[No Variations]"
Change component parameters (AddParameter): Name = "LatestRevisionNote"; Value = ""; VariantName = "[No Variations]"
Change component parameters (AddParameter): Name = "Manufacturer"; Value = "-"; VariantName = "[No Variations]"
Change component parameters (AddParameter): Name = "ManufacturerRef"; Value = "-"; VariantName = "[No Variations]"
Change component parameters (AddParameter): Name = "OrderCode"; Value = "-"; VariantName = "[No Variations]"
Change component parameters (AddParameter): Name = "PackageDescription"; Value = "-"; VariantName = "[No Variations]"
Change component parameters (AddParameter): Name = "PackageReference"; Value = "-"; VariantName = "[No Variations]"
Change component parameters (AddParameter): Name = "PowerRating"; Value = "N.A."; VariantName = "[No Variations]"
Change component parameters (AddParameter): Name = "PriceEuro"; Value = "-"; VariantName = "[No Variations]"
Change component parameters (AddParameter): Name = "Published"; Value = ""; VariantName = "[No Variations]"
Change component parameters (AddParameter): Name = "Publisher"; Value = "atr"; VariantName = "[No Variations]"
Change component parameters (AddParameter): Name = "Seller"; Value = "-"; VariantName = "[No Variations]"
Change component parameters (AddParameter): Name = "TemperatureCoeff"; Value = "N.A."; VariantName = "[No Variations]"
Change component parameters (AddParameter): Name = "Tolerance"; Value = "N.A."; VariantName = "[No Variations]"
Change component parameters (AddParameter): Name = "Type"; Value = "Hole"; VariantName = "[No Variations]"
Change component parameters (AddParameter): Name = "Value"; Value = "Hole"; VariantName = "[No Variations]"
Change component parameters (AddParameter): Name = "Voltage"; Value = "N.A."; VariantName = "[No Variations]"
Added Component: Designator=C1(C0603_murata)
Add component. Clean all parameters for all variants
Add component (AddParameter): Name = "Capacitance"; Value = "470pF"; VariantName = "[No Variations]"
Add component (AddParameter): Name = "Case/Package"; Value = "0603"; VariantName = "[No Variations]"
Add component (AddParameter): Name = "Case Code (Imperial)"; Value = "0603"; VariantName = "[No Variations]"
Add component (AddParameter): Name = "Case Code (Metric)"; Value = "1608"; VariantName = "[No Variations]"
Add component (AddParameter): Name = "ComponentLink1Description"; Value = "https://datasheet.ciiva.com/41860/partnumbering-e-01-41860759.pdf"; VariantName = "[No Variations]"
Add component (AddParameter): Name = "ComponentLink1URL"; Value = "https://datasheet.ciiva.com/41860/partnumbering-e-01-41860759.pdf"; VariantName = "[No Variations]"
Add component (AddParameter): Name = "ComponentLink2Description"; Value = "https://datasheet.ciiva.com/29537/partnumbering-e-01-29537910.pdf"; VariantName = "[No Variations]"
Add component (AddParameter): Name = "ComponentLink2URL"; Value = "https://datasheet.ciiva.com/29537/partnumbering-e-01-29537910.pdf"; VariantName = "[No Variations]"
Add component (AddParameter): Name = "Depth"; Value = "0.8mm"; VariantName = "[No Variations]"
Add component (AddParameter): Name = "Dielectric"; Value = "C0G"; VariantName = "[No Variations]"
Add component (AddParameter): Name = "Height"; Value = "0.8mm"; VariantName = "[No Variations]"
Add component (AddParameter): Name = "Lead Free"; Value = "Lead Free"; VariantName = "[No Variations]"
Add component (AddParameter): Name = "Lead Pitch"; Value = "0.5mm"; VariantName = "[No Variations]"
Add component (AddParameter): Name = "Length"; Value = "1.6mm"; VariantName = "[No Variations]"
Add component (AddParameter): Name = "Manufacturer 1"; Value = "Murata"; VariantName = "[No Variations]"
Add component (AddParameter): Name = "Manufacturer Part Number 1"; Value = "GRM1885C1H103JA01D"; VariantName = "[No Variations]"
Add component (AddParameter): Name = "Material"; Value = "Ceramic"; VariantName = "[No Variations]"
Add component (AddParameter): Name = "Max Operating Temperature"; Value = "125°C"; VariantName = "[No Variations]"
Add component (AddParameter): Name = "Min Operating Temperature"; Value = "-55°C"; VariantName = "[No Variations]"
Add component (AddParameter): Name = "Package Quantity"; Value = "4000"; VariantName = "[No Variations]"
Add component (AddParameter): Name = "Packaging"; Value = "Tape and Reel"; VariantName = "[No Variations]"
Add component (AddParameter): Name = "Pricing 1"; Value = "1=0.13, 10=0.05, 50=0.05, 100=0.035, 1000=0.024, 10000=0.016 (USD)"; VariantName = "[No Variations]"
Add component (AddParameter): Name = "REACH SVHC"; Value = "No SVHC"; VariantName = "[No Variations]"
Add component (AddParameter): Name = "Stock 1"; Value = "5"; VariantName = "[No Variations]"
Add component (AddParameter): Name = "Supplier 1"; Value = "Mouser"; VariantName = "[No Variations]"
Add component (AddParameter): Name = "Supplier Part Number 1"; Value = "81-GRM1885C1H103JA1D"; VariantName = "[No Variations]"
Add component (AddParameter): Name = "Termination"; Value = "SMD/SMT"; VariantName = "[No Variations]"
Add component (AddParameter): Name = "Thickness"; Value = "0.035inch"; VariantName = "[No Variations]"
Add component (AddParameter): Name = "Tolerance"; Value = "5%"; VariantName = "[No Variations]"
Add component (AddParameter): Name = "Voltage"; Value = "50V"; VariantName = "[No Variations]"
Add component (AddParameter): Name = "Voltage Rating"; Value = "50V"; VariantName = "[No Variations]"
Add component (AddParameter): Name = "Voltage Rating (DC)"; Value = "50V"; VariantName = "[No Variations]"
Add component (AddParameter): Name = "Width"; Value = "0.8mm"; VariantName = "[No Variations]"
Added Component: Designator=C2(CAPC1005X04N_0402)
Add component. Clean all parameters for all variants
Add component (AddParameter): Name = "LatestRevisionDate"; Value = ""; VariantName = "[No Variations]"
Add component (AddParameter): Name = "LatestRevisionNote"; Value = ""; VariantName = "[No Variations]"
Add component (AddParameter): Name = "Manufacturer"; Value = "AVX"; VariantName = "[No Variations]"
Add component (AddParameter): Name = "ManufacturerRef"; Value = "04025A150JAT2A"; VariantName = "[No Variations]"
Add component (AddParameter): Name = "OrderCode"; Value = "1327631RL"; VariantName = "[No Variations]"
Add component (AddParameter): Name = "PackageDescription"; Value = "SMD"; VariantName = "[No Variations]"
Add component (AddParameter): Name = "PackageReference"; Value = "SMD-0402"; VariantName = "[No Variations]"
Add component (AddParameter): Name = "PowerRating"; Value = "N.A."; VariantName = "[No Variations]"
Add component (AddParameter): Name = "PriceEuro"; Value = "0.022"; VariantName = "[No Variations]"
Add component (AddParameter): Name = "Published"; Value = "15.5.2014"; VariantName = "[No Variations]"
Add component (AddParameter): Name = "Publisher"; Value = "atr"; VariantName = "[No Variations]"
Add component (AddParameter): Name = "Seller"; Value = "Farnell"; VariantName = "[No Variations]"
Add component (AddParameter): Name = "TemperatureCoeff"; Value = "0ppm/°C ± 30ppm/°C"; VariantName = "[No Variations]"
Add component (AddParameter): Name = "Tolerance"; Value = "± 5%"; VariantName = "[No Variations]"
Add component (AddParameter): Name = "Type"; Value = "C0G / NP0"; VariantName = "[No Variations]"
Add component (AddParameter): Name = "Value"; Value = "15p"; VariantName = "[No Variations]"
Add component (AddParameter): Name = "Voltage"; Value = "50V"; VariantName = "[No Variations]"
Added Component: Designator=C3(C1206)
Add component. Clean all parameters for all variants
Add component (AddParameter): Name = "LatestRevisionDate"; Value = "29-May-2009"; VariantName = "[No Variations]"
Add component (AddParameter): Name = "LatestRevisionNote"; Value = "IPC-7351 Footprint Added."; VariantName = "[No Variations]"
Add component (AddParameter): Name = "PackageDescription"; Value = "Chip Capacitor"; VariantName = "[No Variations]"
Add component (AddParameter): Name = "PackageReference"; Value = "C1206"; VariantName = "[No Variations]"
Add component (AddParameter): Name = "Published"; Value = "8-Jun-2000"; VariantName = "[No Variations]"
Add component (AddParameter): Name = "Publisher"; Value = "Altium Limited"; VariantName = "[No Variations]"
Add component (AddParameter): Name = "Value"; Value = "22uF"; VariantName = "[No Variations]"
Added Component: Designator=C4(C0603_murata)
Add component. Clean all parameters for all variants
Add component (AddParameter): Name = "Capacitance"; Value = "100nF"; VariantName = "[No Variations]"
Add component (AddParameter): Name = "Case/Package"; Value = "0603"; VariantName = "[No Variations]"
Add component (AddParameter): Name = "Case Code (Imperial)"; Value = "0603"; VariantName = "[No Variations]"
Add component (AddParameter): Name = "Case Code (Metric)"; Value = "1608"; VariantName = "[No Variations]"
Add component (AddParameter): Name = "ComponentLink1Description"; Value = "https://datasheet.ciiva.com/41860/partnumbering-e-01-41860759.pdf"; VariantName = "[No Variations]"
Add component (AddParameter): Name = "ComponentLink1URL"; Value = "https://datasheet.ciiva.com/41860/partnumbering-e-01-41860759.pdf"; VariantName = "[No Variations]"
Add component (AddParameter): Name = "ComponentLink2Description"; Value = "https://datasheet.ciiva.com/29537/partnumbering-e-01-29537910.pdf"; VariantName = "[No Variations]"
Add component (AddParameter): Name = "ComponentLink2URL"; Value = "https://datasheet.ciiva.com/29537/partnumbering-e-01-29537910.pdf"; VariantName = "[No Variations]"
Add component (AddParameter): Name = "Depth"; Value = "0.8mm"; VariantName = "[No Variations]"
Add component (AddParameter): Name = "Dielectric"; Value = "C0G"; VariantName = "[No Variations]"
Add component (AddParameter): Name = "Height"; Value = "0.8mm"; VariantName = "[No Variations]"
Add component (AddParameter): Name = "Lead Free"; Value = "Lead Free"; VariantName = "[No Variations]"
Add component (AddParameter): Name = "Lead Pitch"; Value = "0.5mm"; VariantName = "[No Variations]"
Add component (AddParameter): Name = "Length"; Value = "1.6mm"; VariantName = "[No Variations]"
Add component (AddParameter): Name = "Manufacturer 1"; Value = "Murata"; VariantName = "[No Variations]"
Add component (AddParameter): Name = "Manufacturer Part Number 1"; Value = "GRM1885C1H103JA01D"; VariantName = "[No Variations]"
Add component (AddParameter): Name = "Material"; Value = "Ceramic"; VariantName = "[No Variations]"
Add component (AddParameter): Name = "Max Operating Temperature"; Value = "125°C"; VariantName = "[No Variations]"
Add component (AddParameter): Name = "Min Operating Temperature"; Value = "-55°C"; VariantName = "[No Variations]"
Add component (AddParameter): Name = "Package Quantity"; Value = "4000"; VariantName = "[No Variations]"
Add component (AddParameter): Name = "Packaging"; Value = "Tape and Reel"; VariantName = "[No Variations]"
Add component (AddParameter): Name = "Pricing 1"; Value = "1=0.13, 10=0.05, 50=0.05, 100=0.035, 1000=0.024, 10000=0.016 (USD)"; VariantName = "[No Variations]"
Add component (AddParameter): Name = "REACH SVHC"; Value = "No SVHC"; VariantName = "[No Variations]"
Add component (AddParameter): Name = "Stock 1"; Value = "5"; VariantName = "[No Variations]"
Add component (AddParameter): Name = "Supplier 1"; Value = "Mouser"; VariantName = "[No Variations]"
Add component (AddParameter): Name = "Supplier Part Number 1"; Value = "81-GRM1885C1H103JA1D"; VariantName = "[No Variations]"
Add component (AddParameter): Name = "Termination"; Value = "SMD/SMT"; VariantName = "[No Variations]"
Add component (AddParameter): Name = "Thickness"; Value = "0.035inch"; VariantName = "[No Variations]"
Add component (AddParameter): Name = "Tolerance"; Value = "5%"; VariantName = "[No Variations]"
Add component (AddParameter): Name = "Voltage"; Value = "50V"; VariantName = "[No Variations]"
Add component (AddParameter): Name = "Voltage Rating"; Value = "50V"; VariantName = "[No Variations]"
Add component (AddParameter): Name = "Voltage Rating (DC)"; Value = "50V"; VariantName = "[No Variations]"
Add component (AddParameter): Name = "Width"; Value = "0.8mm"; VariantName = "[No Variations]"
Added Component: Designator=C5(C0603_murata)
Add component. Clean all parameters for all variants
Add component (AddParameter): Name = "Capacitance"; Value = "100nF"; VariantName = "[No Variations]"
Add component (AddParameter): Name = "Case/Package"; Value = "0603"; VariantName = "[No Variations]"
Add component (AddParameter): Name = "Case Code (Imperial)"; Value = "0603"; VariantName = "[No Variations]"
Add component (AddParameter): Name = "Case Code (Metric)"; Value = "1608"; VariantName = "[No Variations]"
Add component (AddParameter): Name = "ComponentLink1Description"; Value = "https://datasheet.ciiva.com/41860/partnumbering-e-01-41860759.pdf"; VariantName = "[No Variations]"
Add component (AddParameter): Name = "ComponentLink1URL"; Value = "https://datasheet.ciiva.com/41860/partnumbering-e-01-41860759.pdf"; VariantName = "[No Variations]"
Add component (AddParameter): Name = "ComponentLink2Description"; Value = "https://datasheet.ciiva.com/29537/partnumbering-e-01-29537910.pdf"; VariantName = "[No Variations]"
Add component (AddParameter): Name = "ComponentLink2URL"; Value = "https://datasheet.ciiva.com/29537/partnumbering-e-01-29537910.pdf"; VariantName = "[No Variations]"
Add component (AddParameter): Name = "Depth"; Value = "0.8mm"; VariantName = "[No Variations]"
Add component (AddParameter): Name = "Dielectric"; Value = "C0G"; VariantName = "[No Variations]"
Add component (AddParameter): Name = "Height"; Value = "0.8mm"; VariantName = "[No Variations]"
Add component (AddParameter): Name = "Lead Free"; Value = "Lead Free"; VariantName = "[No Variations]"
Add component (AddParameter): Name = "Lead Pitch"; Value = "0.5mm"; VariantName = "[No Variations]"
Add component (AddParameter): Name = "Length"; Value = "1.6mm"; VariantName = "[No Variations]"
Add component (AddParameter): Name = "Manufacturer 1"; Value = "Murata"; VariantName = "[No Variations]"
Add component (AddParameter): Name = "Manufacturer Part Number 1"; Value = "GRM1885C1H103JA01D"; VariantName = "[No Variations]"
Add component (AddParameter): Name = "Material"; Value = "Ceramic"; VariantName = "[No Variations]"
Add component (AddParameter): Name = "Max Operating Temperature"; Value = "125°C"; VariantName = "[No Variations]"
Add component (AddParameter): Name = "Min Operating Temperature"; Value = "-55°C"; VariantName = "[No Variations]"
Add component (AddParameter): Name = "Package Quantity"; Value = "4000"; VariantName = "[No Variations]"
Add component (AddParameter): Name = "Packaging"; Value = "Tape and Reel"; VariantName = "[No Variations]"
Add component (AddParameter): Name = "Pricing 1"; Value = "1=0.13, 10=0.05, 50=0.05, 100=0.035, 1000=0.024, 10000=0.016 (USD)"; VariantName = "[No Variations]"
Add component (AddParameter): Name = "REACH SVHC"; Value = "No SVHC"; VariantName = "[No Variations]"
Add component (AddParameter): Name = "Stock 1"; Value = "5"; VariantName = "[No Variations]"
Add component (AddParameter): Name = "Supplier 1"; Value = "Mouser"; VariantName = "[No Variations]"
Add component (AddParameter): Name = "Supplier Part Number 1"; Value = "81-GRM1885C1H103JA1D"; VariantName = "[No Variations]"
Add component (AddParameter): Name = "Termination"; Value = "SMD/SMT"; VariantName = "[No Variations]"
Add component (AddParameter): Name = "Thickness"; Value = "0.035inch"; VariantName = "[No Variations]"
Add component (AddParameter): Name = "Tolerance"; Value = "5%"; VariantName = "[No Variations]"
Add component (AddParameter): Name = "Voltage"; Value = "50V"; VariantName = "[No Variations]"
Add component (AddParameter): Name = "Voltage Rating"; Value = "50V"; VariantName = "[No Variations]"
Add component (AddParameter): Name = "Voltage Rating (DC)"; Value = "50V"; VariantName = "[No Variations]"
Add component (AddParameter): Name = "Width"; Value = "0.8mm"; VariantName = "[No Variations]"
Added Component: Designator=C6(C0603_murata)
Add component. Clean all parameters for all variants
Add component (AddParameter): Name = "Capacitance"; Value = "100nF"; VariantName = "[No Variations]"
Add component (AddParameter): Name = "Case/Package"; Value = "0603"; VariantName = "[No Variations]"
Add component (AddParameter): Name = "Case Code (Imperial)"; Value = "0603"; VariantName = "[No Variations]"
Add component (AddParameter): Name = "Case Code (Metric)"; Value = "1608"; VariantName = "[No Variations]"
Add component (AddParameter): Name = "ComponentLink1Description"; Value = "https://datasheet.ciiva.com/41860/partnumbering-e-01-41860759.pdf"; VariantName = "[No Variations]"
Add component (AddParameter): Name = "ComponentLink1URL"; Value = "https://datasheet.ciiva.com/41860/partnumbering-e-01-41860759.pdf"; VariantName = "[No Variations]"
Add component (AddParameter): Name = "ComponentLink2Description"; Value = "https://datasheet.ciiva.com/29537/partnumbering-e-01-29537910.pdf"; VariantName = "[No Variations]"
Add component (AddParameter): Name = "ComponentLink2URL"; Value = "https://datasheet.ciiva.com/29537/partnumbering-e-01-29537910.pdf"; VariantName = "[No Variations]"
Add component (AddParameter): Name = "Depth"; Value = "0.8mm"; VariantName = "[No Variations]"
Add component (AddParameter): Name = "Dielectric"; Value = "C0G"; VariantName = "[No Variations]"
Add component (AddParameter): Name = "Height"; Value = "0.8mm"; VariantName = "[No Variations]"
Add component (AddParameter): Name = "Lead Free"; Value = "Lead Free"; VariantName = "[No Variations]"
Add component (AddParameter): Name = "Lead Pitch"; Value = "0.5mm"; VariantName = "[No Variations]"
Add component (AddParameter): Name = "Length"; Value = "1.6mm"; VariantName = "[No Variations]"
Add component (AddParameter): Name = "Manufacturer 1"; Value = "Murata"; VariantName = "[No Variations]"
Add component (AddParameter): Name = "Manufacturer Part Number 1"; Value = "GRM1885C1H103JA01D"; VariantName = "[No Variations]"
Add component (AddParameter): Name = "Material"; Value = "Ceramic"; VariantName = "[No Variations]"
Add component (AddParameter): Name = "Max Operating Temperature"; Value = "125°C"; VariantName = "[No Variations]"
Add component (AddParameter): Name = "Min Operating Temperature"; Value = "-55°C"; VariantName = "[No Variations]"
Add component (AddParameter): Name = "Package Quantity"; Value = "4000"; VariantName = "[No Variations]"
Add component (AddParameter): Name = "Packaging"; Value = "Tape and Reel"; VariantName = "[No Variations]"
Add component (AddParameter): Name = "Pricing 1"; Value = "1=0.13, 10=0.05, 50=0.05, 100=0.035, 1000=0.024, 10000=0.016 (USD)"; VariantName = "[No Variations]"
Add component (AddParameter): Name = "REACH SVHC"; Value = "No SVHC"; VariantName = "[No Variations]"
Add component (AddParameter): Name = "Stock 1"; Value = "5"; VariantName = "[No Variations]"
Add component (AddParameter): Name = "Supplier 1"; Value = "Mouser"; VariantName = "[No Variations]"
Add component (AddParameter): Name = "Supplier Part Number 1"; Value = "81-GRM1885C1H103JA1D"; VariantName = "[No Variations]"
Add component (AddParameter): Name = "Termination"; Value = "SMD/SMT"; VariantName = "[No Variations]"
Add component (AddParameter): Name = "Thickness"; Value = "0.035inch"; VariantName = "[No Variations]"
Add component (AddParameter): Name = "Tolerance"; Value = "5%"; VariantName = "[No Variations]"
Add component (AddParameter): Name = "Voltage"; Value = "50V"; VariantName = "[No Variations]"
Add component (AddParameter): Name = "Voltage Rating"; Value = "50V"; VariantName = "[No Variations]"
Add component (AddParameter): Name = "Voltage Rating (DC)"; Value = "50V"; VariantName = "[No Variations]"
Add component (AddParameter): Name = "Width"; Value = "0.8mm"; VariantName = "[No Variations]"
Added Component: Designator=C7(C1206)
Add component. Clean all parameters for all variants
Add component (AddParameter): Name = "LatestRevisionDate"; Value = "29-May-2009"; VariantName = "[No Variations]"
Add component (AddParameter): Name = "LatestRevisionNote"; Value = "IPC-7351 Footprint Added."; VariantName = "[No Variations]"
Add component (AddParameter): Name = "PackageDescription"; Value = "Chip Capacitor"; VariantName = "[No Variations]"
Add component (AddParameter): Name = "PackageReference"; Value = "C1206"; VariantName = "[No Variations]"
Add component (AddParameter): Name = "Published"; Value = "8-Jun-2000"; VariantName = "[No Variations]"
Add component (AddParameter): Name = "Publisher"; Value = "Altium Limited"; VariantName = "[No Variations]"
Add component (AddParameter): Name = "Value"; Value = "22uF"; VariantName = "[No Variations]"
Added Component: Designator=IC1(TO-252)
Add component. Clean all parameters for all variants
Add component (AddParameter): Name = "LatestRevisionDate"; Value = "1.9.2014"; VariantName = "[No Variations]"
Add component (AddParameter): Name = "LatestRevisionNote"; Value = "Created"; VariantName = "[No Variations]"
Add component (AddParameter): Name = "Manufacturer"; Value = "TEXAS INSTRUMENTS"; VariantName = "[No Variations]"
Add component (AddParameter): Name = "ManufacturerRef"; Value = "LM1117DT-ADJ"; VariantName = "[No Variations]"
Add component (AddParameter): Name = "OrderCode"; Value = "9486267"; VariantName = "[No Variations]"
Add component (AddParameter): Name = "PackageDescription"; Value = "TO-252"; VariantName = "[No Variations]"
Add component (AddParameter): Name = "PackageReference"; Value = "TO-252"; VariantName = "[No Variations]"
Add component (AddParameter): Name = "PowerRating"; Value = "-"; VariantName = "[No Variations]"
Add component (AddParameter): Name = "PriceEuro"; Value = "0.84"; VariantName = "[No Variations]"
Add component (AddParameter): Name = "Published"; Value = "1.9.2014"; VariantName = "[No Variations]"
Add component (AddParameter): Name = "Publisher"; Value = "atr"; VariantName = "[No Variations]"
Add component (AddParameter): Name = "Seller"; Value = "Farnell"; VariantName = "[No Variations]"
Add component (AddParameter): Name = "TemperatureCoeff"; Value = "-"; VariantName = "[No Variations]"
Add component (AddParameter): Name = "Tolerance"; Value = "-"; VariantName = "[No Variations]"
Add component (AddParameter): Name = "Type"; Value = "LM1117DT-ADJ"; VariantName = "[No Variations]"
Add component (AddParameter): Name = "Value"; Value = "LM1117DT-ADJ"; VariantName = "[No Variations]"
Add component (AddParameter): Name = "Voltage"; Value = "1.25V - 13.8V"; VariantName = "[No Variations]"
Added Component: Designator=J1(pad_smd_bodge)
Add component. Clean all parameters for all variants
Added Component: Designator=J3(pad_smd_bodge)
Add component. Clean all parameters for all variants
Added Component: Designator=J9(pad_smd_bodge)
Add component. Clean all parameters for all variants
Added Component: Designator=OSC1(DIP-8_osc)
Add component. Clean all parameters for all variants
Add component (AddParameter): Name = "Frequency"; Value = "125MHz"; VariantName = "[No Variations]"
Add component (AddParameter): Name = "Output"; Value = "3.3V TTL"; VariantName = "[No Variations]"
Add component (AddParameter): Name = "Publisher"; Value = "ftg"; VariantName = "[No Variations]"
Add component (AddParameter): Name = "Seller"; Value = "eBay"; VariantName = "[No Variations]"
Add component (AddParameter): Name = "Supply VOltage"; Value = "3.3VDC"; VariantName = "[No Variations]"
Added Component: Designator=P1(HDR1X2H)
Add component. Clean all parameters for all variants
Add component (AddParameter): Name = "LatestRevisionDate"; Value = "17-Jul-2002"; VariantName = "[No Variations]"
Add component (AddParameter): Name = "LatestRevisionNote"; Value = "Re-released for DXP Platform."; VariantName = "[No Variations]"
Add component (AddParameter): Name = "Publisher"; Value = "Altium Limited"; VariantName = "[No Variations]"
Added Component: Designator=P2(HDR1X2H)
Add component. Clean all parameters for all variants
Add component (AddParameter): Name = "LatestRevisionDate"; Value = "17-Jul-2002"; VariantName = "[No Variations]"
Add component (AddParameter): Name = "LatestRevisionNote"; Value = "Re-released for DXP Platform."; VariantName = "[No Variations]"
Add component (AddParameter): Name = "Publisher"; Value = "Altium Limited"; VariantName = "[No Variations]"
Added Component: Designator=R1(R0603)
Add component. Clean all parameters for all variants
Add component (AddParameter): Name = "ComponentLink1Description"; Value = "http://www.farnell.com/datasheets/1788326.pdf"; VariantName = "[No Variations]"
Add component (AddParameter): Name = "ComponentLink1URL"; Value = "http://www.farnell.com/datasheets/1788326.pdf"; VariantName = "[No Variations]"
Add component (AddParameter): Name = "ComponentLink2Description"; Value = "http://www.farnell.com/cad/1561168.zip"; VariantName = "[No Variations]"
Add component (AddParameter): Name = "ComponentLink2URL"; Value = "http://www.farnell.com/cad/1561168.zip"; VariantName = "[No Variations]"
Add component (AddParameter): Name = "ComponentLink3Description"; Value = "http://www.farnell.com/datasheets/1868787.pdf"; VariantName = "[No Variations]"
Add component (AddParameter): Name = "ComponentLink3URL"; Value = "http://www.farnell.com/datasheets/1868787.pdf"; VariantName = "[No Variations]"
Add component (AddParameter): Name = "ComponentLink4Description"; Value = "http://www.farnell.com/cad/1555190.zip"; VariantName = "[No Variations]"
Add component (AddParameter): Name = "ComponentLink4URL"; Value = "http://www.farnell.com/cad/1555190.zip"; VariantName = "[No Variations]"
Add component (AddParameter): Name = "External Depth"; Value = "0.45"; VariantName = "[No Variations]"
Add component (AddParameter): Name = "External Length / Height"; Value = "1.6"; VariantName = "[No Variations]"
Add component (AddParameter): Name = "External Width"; Value = "0.8"; VariantName = "[No Variations]"
Add component (AddParameter): Name = "Full Power Rating Temperature"; Value = "70"; VariantName = "[No Variations]"
Add component (AddParameter): Name = "Manufacturer"; Value = "YAGEO (PHYCOMP)"; VariantName = "[No Variations]"
Add component (AddParameter): Name = "ManufacturerRef"; Value = "RC0603FR-07120RL"; VariantName = "[No Variations]"
Add component (AddParameter): Name = "MSL"; Value = "-"; VariantName = "[No Variations]"
Add component (AddParameter): Name = "No. of Pins"; Value = "2"; VariantName = "[No Variations]"
Add component (AddParameter): Name = "Operating Temperature Max"; Value = "155"; VariantName = "[No Variations]"
Add component (AddParameter): Name = "Operating Temperature Min"; Value = "-55"; VariantName = "[No Variations]"
Add component (AddParameter): Name = "Operating Temperature Range"; Value = "-55°C to +155"; VariantName = "[No Variations]"
Add component (AddParameter): Name = "OrderCode"; Value = "9238379"; VariantName = "[No Variations]"
Add component (AddParameter): Name = "Packaging"; Value = "Cut Tape"; VariantName = "[No Variations]"
Add component (AddParameter): Name = "Power Rating"; Value = "63"; VariantName = "[No Variations]"
Add component (AddParameter): Name = "Pricing 1"; Value = "10=0.0129, 100=0.0067, 500=0.0057, 1000=0.005, 2500=0.004, 5000=0.0033, 25000=0.0017, 50000=0.0014 (EUR)"; VariantName = "[No Variations]"
Add component (AddParameter): Name = "Product Range"; Value = "MC Series"; VariantName = "[No Variations]"
Add component (AddParameter): Name = "Publisher"; Value = "iv"; VariantName = "[No Variations]"
Add component (AddParameter): Name = "Reel Quantity"; Value = "5000"; VariantName = "[No Variations]"
Add component (AddParameter): Name = "Resistance"; Value = "330"; VariantName = "[No Variations]"
Add component (AddParameter): Name = "Resistance Tolerance"; Value = "± 1%"; VariantName = "[No Variations]"
Add component (AddParameter): Name = "Resistor Case Style"; Value = "0603"; VariantName = "[No Variations]"
Add component (AddParameter): Name = "Resistor Element Material"; Value = "Thick Film"; VariantName = "[No Variations]"
Add component (AddParameter): Name = "Resistor Mounting"; Value = "Surface Mount Device"; VariantName = "[No Variations]"
Add component (AddParameter): Name = "RoHS"; Value = "Y-EX"; VariantName = "[No Variations]"
Add component (AddParameter): Name = "Seller"; Value = "Farnell"; VariantName = "[No Variations]"
Add component (AddParameter): Name = "Stock 1"; Value = "50929"; VariantName = "[No Variations]"
Add component (AddParameter): Name = "SVHC"; Value = "No SVHC (17-Dec-2015)"; VariantName = "[No Variations]"
Add component (AddParameter): Name = "Tape Width"; Value = "8"; VariantName = "[No Variations]"
Add component (AddParameter): Name = "Temperature Coeff. +"; Value = "100"; VariantName = "[No Variations]"
Add component (AddParameter): Name = "Temperature Coeff. -"; Value = "100"; VariantName = "[No Variations]"
Add component (AddParameter): Name = "Temperature Coefficient"; Value = "± 100"; VariantName = "[No Variations]"
Add component (AddParameter): Name = "Tolerance +"; Value = "1%"; VariantName = "[No Variations]"
Add component (AddParameter): Name = "Tolerance -"; Value = "1%"; VariantName = "[No Variations]"
Add component (AddParameter): Name = "Value"; Value = "120"; VariantName = "[No Variations]"
Add component (AddParameter): Name = "Voltage Rating"; Value = "50"; VariantName = "[No Variations]"
Add component (AddParameter): Name = "Voltage Rating V DC"; Value = "50V"; VariantName = "[No Variations]"
Added Component: Designator=R3(R0603)
Add component. Clean all parameters for all variants
Add component (AddParameter): Name = "ComponentLink1Description"; Value = "http://www.farnell.com/datasheets/1788326.pdf"; VariantName = "[No Variations]"
Add component (AddParameter): Name = "ComponentLink1URL"; Value = "http://www.farnell.com/datasheets/1788326.pdf"; VariantName = "[No Variations]"
Add component (AddParameter): Name = "External Depth"; Value = "0.45"; VariantName = "[No Variations]"
Add component (AddParameter): Name = "External Length / Height"; Value = "1.6"; VariantName = "[No Variations]"
Add component (AddParameter): Name = "External Width"; Value = "0.8"; VariantName = "[No Variations]"
Add component (AddParameter): Name = "Manufacturer"; Value = "MULTICOMP"; VariantName = "[No Variations]"
Add component (AddParameter): Name = "ManufacturerRef"; Value = "MC0063W0603510R"; VariantName = "[No Variations]"
Add component (AddParameter): Name = "MSL"; Value = "-"; VariantName = "[No Variations]"
Add component (AddParameter): Name = "No. of Pins"; Value = "2"; VariantName = "[No Variations]"
Add component (AddParameter): Name = "Operating Temperature Max"; Value = "155"; VariantName = "[No Variations]"
Add component (AddParameter): Name = "Operating Temperature Min"; Value = "-55"; VariantName = "[No Variations]"
Add component (AddParameter): Name = "Operating Temperature Range"; Value = "-55°C to +155"; VariantName = "[No Variations]"
Add component (AddParameter): Name = "OrderCode"; Value = "9331670"; VariantName = "[No Variations]"
Add component (AddParameter): Name = "Packaging"; Value = "Cut Tape"; VariantName = "[No Variations]"
Add component (AddParameter): Name = "Power Rating"; Value = "63"; VariantName = "[No Variations]"
Add component (AddParameter): Name = "Pricing 1"; Value = "10=0.0099, 100=0.0086, 500=0.0072, 1000=0.0056, 2500=0.0042, 5000=0.0034, 25000=0.0017, 50000=0.0014 (EUR)"; VariantName = "[No Variations]"
Add component (AddParameter): Name = "Product Range"; Value = "MC Series"; VariantName = "[No Variations]"
Add component (AddParameter): Name = "Publisher"; Value = "iv"; VariantName = "[No Variations]"
Add component (AddParameter): Name = "Reel Quantity"; Value = "5000"; VariantName = "[No Variations]"
Add component (AddParameter): Name = "Resistance"; Value = "10"; VariantName = "[No Variations]"
Add component (AddParameter): Name = "Resistance Tolerance"; Value = "± 1%"; VariantName = "[No Variations]"
Add component (AddParameter): Name = "Resistor Case Style"; Value = "0603 [1608 Metric]"; VariantName = "[No Variations]"
Add component (AddParameter): Name = "Resistor Element Material"; Value = "Thick Film"; VariantName = "[No Variations]"
Add component (AddParameter): Name = "Resistor Mounting"; Value = "Surface Mount Device"; VariantName = "[No Variations]"
Add component (AddParameter): Name = "RoHS"; Value = "Y-EX"; VariantName = "[No Variations]"
Add component (AddParameter): Name = "Seller"; Value = "Farnell"; VariantName = "[No Variations]"
Add component (AddParameter): Name = "Stock 1"; Value = "70916"; VariantName = "[No Variations]"
Add component (AddParameter): Name = "Supplier 1"; Value = "Farnell"; VariantName = "[No Variations]"
Add component (AddParameter): Name = "Tape Width"; Value = "8"; VariantName = "[No Variations]"
Add component (AddParameter): Name = "Temperature Coeff. +"; Value = "100"; VariantName = "[No Variations]"
Add component (AddParameter): Name = "Temperature Coeff. -"; Value = "100"; VariantName = "[No Variations]"
Add component (AddParameter): Name = "Temperature Coefficient"; Value = "± 100"; VariantName = "[No Variations]"
Add component (AddParameter): Name = "Tolerance +"; Value = "1%"; VariantName = "[No Variations]"
Add component (AddParameter): Name = "Tolerance -"; Value = "1%"; VariantName = "[No Variations]"
Add component (AddParameter): Name = "Value"; Value = "10"; VariantName = "[No Variations]"
Add component (AddParameter): Name = "Voltage Rating"; Value = "50"; VariantName = "[No Variations]"
Add component (AddParameter): Name = "Voltage Rating V DC"; Value = "50V"; VariantName = "[No Variations]"
Added Component: Designator=R4(R0603)
Add component. Clean all parameters for all variants
Add component (AddParameter): Name = "ComponentLink1Description"; Value = "http://www.farnell.com/datasheets/1788326.pdf"; VariantName = "[No Variations]"
Add component (AddParameter): Name = "ComponentLink1URL"; Value = "http://www.farnell.com/datasheets/1788326.pdf"; VariantName = "[No Variations]"
Add component (AddParameter): Name = "External Depth"; Value = "0.45"; VariantName = "[No Variations]"
Add component (AddParameter): Name = "External Length / Height"; Value = "1.6"; VariantName = "[No Variations]"
Add component (AddParameter): Name = "External Width"; Value = "0.8"; VariantName = "[No Variations]"
Add component (AddParameter): Name = "Manufacturer"; Value = "MULTICOMP"; VariantName = "[No Variations]"
Add component (AddParameter): Name = "ManufacturerRef"; Value = "MC0063W0603510R"; VariantName = "[No Variations]"
Add component (AddParameter): Name = "MSL"; Value = "-"; VariantName = "[No Variations]"
Add component (AddParameter): Name = "No. of Pins"; Value = "2"; VariantName = "[No Variations]"
Add component (AddParameter): Name = "Operating Temperature Max"; Value = "155"; VariantName = "[No Variations]"
Add component (AddParameter): Name = "Operating Temperature Min"; Value = "-55"; VariantName = "[No Variations]"
Add component (AddParameter): Name = "Operating Temperature Range"; Value = "-55°C to +155"; VariantName = "[No Variations]"
Add component (AddParameter): Name = "OrderCode"; Value = "9331670"; VariantName = "[No Variations]"
Add component (AddParameter): Name = "Packaging"; Value = "Cut Tape"; VariantName = "[No Variations]"
Add component (AddParameter): Name = "Power Rating"; Value = "63"; VariantName = "[No Variations]"
Add component (AddParameter): Name = "Pricing 1"; Value = "10=0.0099, 100=0.0086, 500=0.0072, 1000=0.0056, 2500=0.0042, 5000=0.0034, 25000=0.0017, 50000=0.0014 (EUR)"; VariantName = "[No Variations]"
Add component (AddParameter): Name = "Product Range"; Value = "MC Series"; VariantName = "[No Variations]"
Add component (AddParameter): Name = "Publisher"; Value = "iv"; VariantName = "[No Variations]"
Add component (AddParameter): Name = "Reel Quantity"; Value = "5000"; VariantName = "[No Variations]"
Add component (AddParameter): Name = "Resistance"; Value = "10"; VariantName = "[No Variations]"
Add component (AddParameter): Name = "Resistance Tolerance"; Value = "± 1%"; VariantName = "[No Variations]"
Add component (AddParameter): Name = "Resistor Case Style"; Value = "0603 [1608 Metric]"; VariantName = "[No Variations]"
Add component (AddParameter): Name = "Resistor Element Material"; Value = "Thick Film"; VariantName = "[No Variations]"
Add component (AddParameter): Name = "Resistor Mounting"; Value = "Surface Mount Device"; VariantName = "[No Variations]"
Add component (AddParameter): Name = "RoHS"; Value = "Y-EX"; VariantName = "[No Variations]"
Add component (AddParameter): Name = "Seller"; Value = "Farnell"; VariantName = "[No Variations]"
Add component (AddParameter): Name = "Stock 1"; Value = "70916"; VariantName = "[No Variations]"
Add component (AddParameter): Name = "Supplier 1"; Value = "Farnell"; VariantName = "[No Variations]"
Add component (AddParameter): Name = "Tape Width"; Value = "8"; VariantName = "[No Variations]"
Add component (AddParameter): Name = "Temperature Coeff. +"; Value = "100"; VariantName = "[No Variations]"
Add component (AddParameter): Name = "Temperature Coeff. -"; Value = "100"; VariantName = "[No Variations]"
Add component (AddParameter): Name = "Temperature Coefficient"; Value = "± 100"; VariantName = "[No Variations]"
Add component (AddParameter): Name = "Tolerance +"; Value = "1%"; VariantName = "[No Variations]"
Add component (AddParameter): Name = "Tolerance -"; Value = "1%"; VariantName = "[No Variations]"
Add component (AddParameter): Name = "Value"; Value = "10"; VariantName = "[No Variations]"
Add component (AddParameter): Name = "Voltage Rating"; Value = "50"; VariantName = "[No Variations]"
Add component (AddParameter): Name = "Voltage Rating V DC"; Value = "50V"; VariantName = "[No Variations]"
Added Component: Designator=R5(R0603)
Add component. Clean all parameters for all variants
Add component (AddParameter): Name = "ComponentLink1Description"; Value = "http://www.farnell.com/datasheets/1788326.pdf"; VariantName = "[No Variations]"
Add component (AddParameter): Name = "ComponentLink1URL"; Value = "http://www.farnell.com/datasheets/1788326.pdf"; VariantName = "[No Variations]"
Add component (AddParameter): Name = "External Depth"; Value = "0.45"; VariantName = "[No Variations]"
Add component (AddParameter): Name = "External Length / Height"; Value = "1.6"; VariantName = "[No Variations]"
Add component (AddParameter): Name = "External Width"; Value = "0.8"; VariantName = "[No Variations]"
Add component (AddParameter): Name = "Manufacturer"; Value = "MULTICOMP"; VariantName = "[No Variations]"
Add component (AddParameter): Name = "ManufacturerRef"; Value = "MC0063W0603510R"; VariantName = "[No Variations]"
Add component (AddParameter): Name = "MSL"; Value = "-"; VariantName = "[No Variations]"
Add component (AddParameter): Name = "No. of Pins"; Value = "2"; VariantName = "[No Variations]"
Add component (AddParameter): Name = "Operating Temperature Max"; Value = "155"; VariantName = "[No Variations]"
Add component (AddParameter): Name = "Operating Temperature Min"; Value = "-55"; VariantName = "[No Variations]"
Add component (AddParameter): Name = "Operating Temperature Range"; Value = "-55°C to +155"; VariantName = "[No Variations]"
Add component (AddParameter): Name = "OrderCode"; Value = "9331670"; VariantName = "[No Variations]"
Add component (AddParameter): Name = "Packaging"; Value = "Cut Tape"; VariantName = "[No Variations]"
Add component (AddParameter): Name = "Power Rating"; Value = "63"; VariantName = "[No Variations]"
Add component (AddParameter): Name = "Pricing 1"; Value = "10=0.0099, 100=0.0086, 500=0.0072, 1000=0.0056, 2500=0.0042, 5000=0.0034, 25000=0.0017, 50000=0.0014 (EUR)"; VariantName = "[No Variations]"
Add component (AddParameter): Name = "Product Range"; Value = "MC Series"; VariantName = "[No Variations]"
Add component (AddParameter): Name = "Publisher"; Value = "iv"; VariantName = "[No Variations]"
Add component (AddParameter): Name = "Reel Quantity"; Value = "5000"; VariantName = "[No Variations]"
Add component (AddParameter): Name = "Resistance"; Value = "10"; VariantName = "[No Variations]"
Add component (AddParameter): Name = "Resistance Tolerance"; Value = "± 1%"; VariantName = "[No Variations]"
Add component (AddParameter): Name = "Resistor Case Style"; Value = "0603 [1608 Metric]"; VariantName = "[No Variations]"
Add component (AddParameter): Name = "Resistor Element Material"; Value = "Thick Film"; VariantName = "[No Variations]"
Add component (AddParameter): Name = "Resistor Mounting"; Value = "Surface Mount Device"; VariantName = "[No Variations]"
Add component (AddParameter): Name = "RoHS"; Value = "Y-EX"; VariantName = "[No Variations]"
Add component (AddParameter): Name = "Seller"; Value = "Farnell"; VariantName = "[No Variations]"
Add component (AddParameter): Name = "Stock 1"; Value = "70916"; VariantName = "[No Variations]"
Add component (AddParameter): Name = "Supplier 1"; Value = "Farnell"; VariantName = "[No Variations]"
Add component (AddParameter): Name = "Tape Width"; Value = "8"; VariantName = "[No Variations]"
Add component (AddParameter): Name = "Temperature Coeff. +"; Value = "100"; VariantName = "[No Variations]"
Add component (AddParameter): Name = "Temperature Coeff. -"; Value = "100"; VariantName = "[No Variations]"
Add component (AddParameter): Name = "Temperature Coefficient"; Value = "± 100"; VariantName = "[No Variations]"
Add component (AddParameter): Name = "Tolerance +"; Value = "1%"; VariantName = "[No Variations]"
Add component (AddParameter): Name = "Tolerance -"; Value = "1%"; VariantName = "[No Variations]"
Add component (AddParameter): Name = "Value"; Value = "10"; VariantName = "[No Variations]"
Add component (AddParameter): Name = "Voltage Rating"; Value = "50"; VariantName = "[No Variations]"
Add component (AddParameter): Name = "Voltage Rating V DC"; Value = "50V"; VariantName = "[No Variations]"
Added Component: Designator=R6(RESC1608X06N_0603)
Add component. Clean all parameters for all variants
Add component (AddParameter): Name = "LatestRevisionDate"; Value = ""; VariantName = "[No Variations]"
Add component (AddParameter): Name = "LatestRevisionNote"; Value = ""; VariantName = "[No Variations]"
Add component (AddParameter): Name = "Manufacturer"; Value = "PANASONIC"; VariantName = "[No Variations]"
Add component (AddParameter): Name = "ManufacturerRef"; Value = "ERJ3GEY0R00V"; VariantName = "[No Variations]"
Add component (AddParameter): Name = "OrderCode"; Value = "2059527RL"; VariantName = "[No Variations]"
Add component (AddParameter): Name = "PackageDescription"; Value = "SMD"; VariantName = "[No Variations]"
Add component (AddParameter): Name = "PackageReference"; Value = "SMD-0603"; VariantName = "[No Variations]"
Add component (AddParameter): Name = "PowerRating"; Value = "100mW"; VariantName = "[No Variations]"
Add component (AddParameter): Name = "PriceEuro"; Value = "0.005"; VariantName = "[No Variations]"
Add component (AddParameter): Name = "Published"; Value = "15.5.2014"; VariantName = "[No Variations]"
Add component (AddParameter): Name = "Publisher"; Value = "atr"; VariantName = "[No Variations]"
Add component (AddParameter): Name = "Seller"; Value = "Farnell"; VariantName = "[No Variations]"
Add component (AddParameter): Name = "TemperatureCoeff"; Value = "± 200ppm/°C"; VariantName = "[No Variations]"
Add component (AddParameter): Name = "Tolerance"; Value = "-"; VariantName = "[No Variations]"
Add component (AddParameter): Name = "Type"; Value = "Thick Film"; VariantName = "[No Variations]"
Add component (AddParameter): Name = "Value"; Value = "0R"; VariantName = "[No Variations]"
Add component (AddParameter): Name = "Voltage"; Value = "75V"; VariantName = "[No Variations]"
Added Component: Designator=TR1(Multiturn trimpot flat long)
Add component. Clean all parameters for all variants
Added Pin To Net: NetName=GND Pin=C3-1
Added Pin To Net: NetName=GND Pin=C7-1
Added Pin To Net: NetName=GND Pin=J5-1
Added Pin To Net: NetName=GND Pin=J6-1
Added Pin To Net: NetName=GND Pin=J7-1
Added Pin To Net: NetName=GND Pin=J8-1
Added Pin To Net: NetName=GND Pin=J9-1
Added Pin To Net: NetName=GND Pin=OSC1-4
Added Pin To Net: NetName=GND Pin=P1-2
Added Pin To Net: NetName=GND Pin=P2-2
Added Pin To Net: NetName=GND Pin=R4-2
Added Pin To Net: NetName=GND Pin=R5-1
Added Net: Name=GND
Added Pin To Net: NetName=NetC1_1 Pin=C1-1
Added Pin To Net: NetName=NetC1_1 Pin=OSC1-5
Added Net: Name=NetC1_1
Added Pin To Net: NetName=NetC1_2 Pin=C1-2
Added Pin To Net: NetName=NetC1_2 Pin=R3-2
Added Pin To Net: NetName=NetC1_2 Pin=R4-1
Added Net: Name=NetC1_2
Added Pin To Net: NetName=NetC2_1 Pin=C2-1
Added Pin To Net: NetName=NetC2_1 Pin=R3-1
Added Pin To Net: NetName=NetC2_1 Pin=R5-2
Added Net: Name=NetC2_1
Added Pin To Net: NetName=NetC2_2 Pin=C2-2
Added Pin To Net: NetName=NetC2_2 Pin=P2-1
Added Net: Name=NetC2_2
Added Pin To Net: NetName=NetC3_2 Pin=C3-2
Added Pin To Net: NetName=NetC3_2 Pin=C4-1
Added Pin To Net: NetName=NetC3_2 Pin=IC1-3
Added Pin To Net: NetName=NetC3_2 Pin=P1-1
Added Net: Name=NetC3_2
Added Pin To Net: NetName=NetC5_1 Pin=C5-1
Added Pin To Net: NetName=NetC5_1 Pin=C7-2
Added Pin To Net: NetName=NetC5_1 Pin=IC1-2
Added Pin To Net: NetName=NetC5_1 Pin=IC1-4
Added Pin To Net: NetName=NetC5_1 Pin=J1-1
Added Pin To Net: NetName=NetC5_1 Pin=R1-1
Added Pin To Net: NetName=NetC5_1 Pin=R6-1
Added Net: Name=NetC5_1
Added Pin To Net: NetName=NetC6_1 Pin=C6-1
Added Pin To Net: NetName=NetC6_1 Pin=OSC1-8
Added Pin To Net: NetName=NetC6_1 Pin=R6-2
Added Net: Name=NetC6_1
Added Pin To Net: NetName=NetIC1_1 Pin=IC1-1
Added Pin To Net: NetName=NetIC1_1 Pin=TR1-2
Added Net: Name=NetIC1_1
Added Pin To Net: NetName=NetJ3_1 Pin=J3-1
Added Pin To Net: NetName=NetJ3_1 Pin=OSC1-1
Added Net: Name=NetJ3_1
Added Pin To Net: NetName=NetR1_2 Pin=R1-2
Added Pin To Net: NetName=NetR1_2 Pin=TR1-1
Added Net: Name=NetR1_2
Added Class: Name=ADF_2nd_LO_board
Added Room: Name=ADF_2nd_LO_board
